[1780849009.728][INFO]: Starting ChromeDriver 149.0.7827.53 (9d2c8156a72129edca4785abb98866fad60ea338-refs/branch-heads/7827@{#1980}) on port 54031
[1780849009.728][INFO]: Please see https://chromedriver.chromium.org/security-considerations for suggestions on keeping ChromeDriver safe.
[1780849009.730][INFO]: ChromeDriver was started successfully on port 54031
[1780849009.733][INFO]: [dd2caae55040695cc92661c3faef0c74] COMMAND InitSession {
   "capabilities": {
      "alwaysMatch": {
         "browserName": "chrome",
         "goog:chromeOptions": {
            "args": [ "--no-sandbox", "--disable-dev-shm-usage", "--disable-gpu" ],
            "extensions": [  ]
         },
         "pageLoadStrategy": "normal"
      },
      "firstMatch": [ {
      } ]
   }
}
[1780849009.733][INFO]: Browser search. Trying... /snap/chromium/3459/usr/lib/chromium-browser/chrome
[1780849009.733][INFO]: Browser search. Found at  /snap/chromium/3459/usr/lib/chromium-browser/chrome
[1780849009.733][INFO]: Populating Preferences file: {
   "alternate_error_pages": {
      "enabled": false
   },
   "autofill": {
      "enabled": false
   },
   "browser": {
      "check_default_browser": false
   },
   "distribution": {
      "import_bookmarks": false,
      "import_history": false,
      "import_search_engine": false,
      "make_chrome_default_for_user": false,
      "skip_first_run_ui": true
   },
   "dns_prefetching": {
      "enabled": false
   },
   "profile": {
      "content_settings": {
         "pattern_pairs": {
            "https://*,*": {
               "media-stream": {
                  "audio": "Default",
                  "video": "Default"
               }
            }
         }
      },
      "default_content_setting_values": {
         "geolocation": 1
      },
      "default_content_settings": {
         "geolocation": 1,
         "mouselock": 1,
         "notifications": 1,
         "popups": 1,
         "ppapi-broker": 1
      },
      "password_manager_enabled": false
   },
   "safebrowsing": {
      "enabled": false
   },
   "search": {
      "suggest_enabled": false
   },
   "translate": {
      "enabled": false
   }
}
[1780849009.733][INFO]: Populating Local State file: {
   "background_mode": {
      "enabled": false
   },
   "ssl": {
      "rev_checking": {
         "enabled": false
      }
   }
}
[1780849009.733][INFO]: ChromeDriver supports communication with Chrome via pipes. This is more reliable and more secure.
[1780849009.733][INFO]: Use the --remote-debugging-pipe Chrome switch instead of the default --remote-debugging-port to enable this communication mode.
[1780849009.733][INFO]: Launching chrome: /snap/chromium/3459/usr/lib/chromium-browser/chrome --allow-pre-commit-input --disable-background-networking --disable-background-timer-throttling --disable-backgrounding-occluded-windows --disable-client-side-phishing-detection --disable-default-apps --disable-dev-shm-usage --disable-features=IgnoreDuplicateNavs,Prewarm --disable-gpu --disable-hang-monitor --disable-popup-blocking --disable-prompt-on-repost --disable-sync --enable-automation --enable-logging=stderr --log-level=0 --no-first-run --no-sandbox --no-service-autorun --password-store=basic --remote-debugging-port=0 --test-type=webdriver --use-mock-keychain --user-data-dir=/tmp/org.chromium.Chromium.scoped_dir.BYI2wg data:,
[20646:20646:0607/181649.798943:WARNING:ui/ozone/platform/wayland/common/wayland_object.cc:119] Binding to zwp_pointer_gestures_v1 version 1 but version 3 is available.
[20646:20646:0607/181649.798996:WARNING:ui/ozone/platform/wayland/common/wayland_object.cc:119] Binding to zwp_linux_dmabuf_v1 version 4 but version 5 is available.
[20718:20718:0607/181649.962329:WARNING:sandbox/policy/linux/sandbox_linux.cc:404] InitializeSandbox() called with multiple threads in process gpu-process.
[20646:20646:0607/181649.983662:WARNING:chrome/browser/signin/account_consistency_mode_manager.cc:74] Desktop Identity Consistency cannot be enabled as no OAuth client ID and client secret have been configured.

DevTools listening on ws://127.0.0.1:35115/devtools/browser/c37b5f2d-a1d1-484b-b5e2-603dfcac4e56
[20646:20646:0607/181650.015238:WARNING:ui/ozone/platform/wayland/host/wayland_surface.cc:170] Server doesn't support zcr_alpha_compositing_v1.
[20646:20646:0607/181650.015257:WARNING:ui/ozone/platform/wayland/host/wayland_surface.cc:185] Server doesn't support overlay_prioritizer.
[20646:20646:0607/181650.015261:WARNING:ui/ozone/platform/wayland/host/wayland_surface.cc:200] Server doesn't support wp_content_type_v1
[20646:20646:0607/181650.015264:WARNING:ui/ozone/platform/wayland/host/wayland_surface.cc:214] Server doesn't support wp_color_management_surface_v1.
[20646:20646:0607/181650.079368:ERROR:dbus/object_proxy.cc:572] Failed to call method: org.gnome.Mutter.IdleMonitor.AddIdleWatch: object_path= /org/gnome/Mutter/IdleMonitor/Core: org.freedesktop.DBus.Error.AccessDenied: An AppArmor policy prevents this sender from sending this message to this recipient; type="method_call", sender=":1.208" (uid=1000 pid=20646 comm="/snap/chromium/3459/usr/lib/chromium-browser/chrom" label="snap.chromium.chromedriver (enforce)") interface="org.gnome.Mutter.IdleMonitor" member="AddIdleWatch" error name="(unset)" requested_reply="0" destination="org.gnome.Mutter.IdleMonitor" (uid=1000 pid=2700 comm="/usr/bin/gnome-shell" label="unconfined")
[20646:20646:0607/181650.079392:WARNING:ui/ozone/platform/wayland/host/org_gnome_mutter_idle_monitor.cc:130] Call to AddIdleWatch method of org.gnome.Mutter.IdleMonitor D-Bus service failed
[1780849010.080][INFO]: resolved localhost to ["127.0.0.1"]
[1780849010.097][INFO]: [dd2caae55040695cc92661c3faef0c74] RESPONSE InitSession {
   "capabilities": {
      "acceptInsecureCerts": false,
      "browserName": "chrome",
      "browserVersion": "149.0.7827.53",
      "chrome": {
         "chromedriverVersion": "149.0.7827.53 (9d2c8156a72129edca4785abb98866fad60ea338-refs/branch-heads/7827@{#1980})",
         "userDataDir": "/tmp/org.chromium.Chromium.scoped_dir.BYI2wg"
      },
      "fedcm:accounts": true,
      "goog:chromeOptions": {
         "debuggerAddress": "localhost:35115"
      },
      "goog:processID": 20646,
      "networkConnectionEnabled": false,
      "pageLoadStrategy": "normal",
      "platformName": "linux",
      "proxy": {
      },
      "setWindowRect": true,
      "strictFileInteractability": false,
      "timeouts": {
         "implicit": 0,
         "pageLoad": 300000,
         "script": 30000
      },
      "unhandledPromptBehavior": "dismiss and notify",
      "webauthn:extension:credBlob": true,
      "webauthn:extension:largeBlob": true,
      "webauthn:extension:minPinLength": true,
      "webauthn:extension:prf": true,
      "~~~": "..."
   },
   "sessionId": "dd2caae55040695cc92661c3faef0c74"
}
[1780849010.098][INFO]: [dd2caae55040695cc92661c3faef0c74] COMMAND Navigate {
   "url": "https://www.google.com"
}
[1780849010.098][INFO]: Waiting for pending navigations...
[1780849010.099][INFO]: Done waiting for pending navigations. Status: ok
[1780849010.265][INFO]: Waiting for pending navigations...
[20646:20646:0607/181650.333870:INFO:CONSOLE:61] "Autofocus processing was blocked because a document already has a focused element.", source: https://www.google.com/ (61)
[1780849010.571][INFO]: Done waiting for pending navigations. Status: ok
[1780849010.571][INFO]: [dd2caae55040695cc92661c3faef0c74] RESPONSE Navigate
[1780849010.571][INFO]: [dd2caae55040695cc92661c3faef0c74] COMMAND GetTitle {
}
[1780849010.571][INFO]: Waiting for pending navigations...
[1780849010.573][INFO]: Done waiting for pending navigations. Status: ok
[1780849010.580][INFO]: Waiting for pending navigations...
[1780849010.580][INFO]: Done waiting for pending navigations. Status: ok
[1780849010.580][INFO]: [dd2caae55040695cc92661c3faef0c74] RESPONSE GetTitle "Google"
[1780849010.581][INFO]: [dd2caae55040695cc92661c3faef0c74] COMMAND Quit {
}
[1780849010.631][INFO]: [dd2caae55040695cc92661c3faef0c74] RESPONSE Quit
